[09-Dec-2021 15:24:07 UTC] PHP Fatal error:  Allowed memory size of 1610612736 bytes exhausted (tried to allocate 83886080 bytes) in phar:///usr/local/bin/composer.phar/src/Composer/DependencyResolver/RuleSet.php on line 90
[26-Dec-2021 19:42:58 UTC] PHP Warning:  require(/home/u988881440/domains/pdfsbooks.com/public_html/vendor/composer/../facade/ignition/src/helpers.php): Failed to open stream: No such file or directory in /home/u988881440/domains/pdfsbooks.com/public_html/vendor/composer/autoload_real.php on line 69
[26-Dec-2021 19:42:58 UTC] PHP Fatal error:  Uncaught Error: Failed opening required '/home/u988881440/domains/pdfsbooks.com/public_html/vendor/composer/../facade/ignition/src/helpers.php' (include_path='.:/opt/alt/php80/usr/share/pear:/opt/alt/php80/usr/share/php:/usr/share/pear:/usr/share/php') in /home/u988881440/domains/pdfsbooks.com/public_html/vendor/composer/autoload_real.php:69
Stack trace:
#0 /home/u988881440/domains/pdfsbooks.com/public_html/vendor/composer/autoload_real.php(59): composerRequireb61f124aa1e51346052840011d74d9ed()
#1 /home/u988881440/domains/pdfsbooks.com/public_html/vendor/autoload.php(7): ComposerAutoloaderInitb61f124aa1e51346052840011d74d9ed::getLoader()
#2 /home/u988881440/domains/pdfsbooks.com/public_html/public/index.php(34): require('/home/u98888144...')
#3 /home/u988881440/domains/pdfsbooks.com/public_html/server.php(21): require_once('/home/u98888144...')
#4 {main}
  thrown in /home/u988881440/domains/pdfsbooks.com/public_html/vendor/composer/autoload_real.php on line 69
[26-Dec-2021 20:02:56 UTC] PHP Fatal error:  Uncaught RuntimeException: A facade root has not been set. in /home/u988881440/domains/pdfsbooks.com/public_html/vendor/laravel/framework/src/Illuminate/Support/Facades/Facade.php:258
Stack trace:
#0 /home/u988881440/domains/pdfsbooks.com/public_html/vendor/laravel/framework/src/Illuminate/Foundation/Exceptions/RegisterErrorViewPaths.php(18): Illuminate\Support\Facades\Facade::__callStatic()
#1 /home/u988881440/domains/pdfsbooks.com/public_html/vendor/laravel/framework/src/Illuminate/Foundation/Exceptions/Handler.php(598): Illuminate\Foundation\Exceptions\RegisterErrorViewPaths->__invoke()
#2 /home/u988881440/domains/pdfsbooks.com/public_html/vendor/laravel/framework/src/Illuminate/Foundation/Exceptions/Handler.php(579): Illuminate\Foundation\Exceptions\Handler->registerErrorViewPaths()
#3 /home/u988881440/domains/pdfsbooks.com/public_html/vendor/laravel/framework/src/Illuminate/Foundation/Exceptions/Handler.php(490): Illuminate\Foundation\Exceptions\Handler->renderHttpException()
#4 /home/u988881440/domains/pdfsbooks.com/public_html/vendor/laravel/framework/src/Illuminate/Foundation/Exceptions/Handler.php(356): Illuminate\Foundation\Exceptions\Handler->prepareResponse()
#5 /home/u988881440/domains/pdfsbooks.com/public_html/vendor/laravel/framework/src/Illuminate/Foundation/Http/Kernel.php(427): Illuminate\Foundation\Exceptions\Handler->render()
#6 /home/u988881440/domains/pdfsbooks.com/public_html/vendor/laravel/framework/src/Illuminate/Foundation/Http/Kernel.php(115): Illuminate\Foundation\Http\Kernel->renderException()
#7 /home/u988881440/domains/pdfsbooks.com/public_html/public/index.php(52): Illuminate\Foundation\Http\Kernel->handle()
#8 /home/u988881440/domains/pdfsbooks.com/public_html/server.php(21): require_once('/home/u98888144...')
#9 {main}
  thrown in /home/u988881440/domains/pdfsbooks.com/public_html/vendor/laravel/framework/src/Illuminate/Support/Facades/Facade.php on line 258
[26-Dec-2021 20:03:04 UTC] PHP Fatal error:  Uncaught RuntimeException: A facade root has not been set. in /home/u988881440/domains/pdfsbooks.com/public_html/vendor/laravel/framework/src/Illuminate/Support/Facades/Facade.php:258
Stack trace:
#0 /home/u988881440/domains/pdfsbooks.com/public_html/vendor/laravel/framework/src/Illuminate/Foundation/Exceptions/RegisterErrorViewPaths.php(18): Illuminate\Support\Facades\Facade::__callStatic()
#1 /home/u988881440/domains/pdfsbooks.com/public_html/vendor/laravel/framework/src/Illuminate/Foundation/Exceptions/Handler.php(598): Illuminate\Foundation\Exceptions\RegisterErrorViewPaths->__invoke()
#2 /home/u988881440/domains/pdfsbooks.com/public_html/vendor/laravel/framework/src/Illuminate/Foundation/Exceptions/Handler.php(579): Illuminate\Foundation\Exceptions\Handler->registerErrorViewPaths()
#3 /home/u988881440/domains/pdfsbooks.com/public_html/vendor/laravel/framework/src/Illuminate/Foundation/Exceptions/Handler.php(490): Illuminate\Foundation\Exceptions\Handler->renderHttpException()
#4 /home/u988881440/domains/pdfsbooks.com/public_html/vendor/laravel/framework/src/Illuminate/Foundation/Exceptions/Handler.php(356): Illuminate\Foundation\Exceptions\Handler->prepareResponse()
#5 /home/u988881440/domains/pdfsbooks.com/public_html/vendor/laravel/framework/src/Illuminate/Foundation/Http/Kernel.php(427): Illuminate\Foundation\Exceptions\Handler->render()
#6 /home/u988881440/domains/pdfsbooks.com/public_html/vendor/laravel/framework/src/Illuminate/Foundation/Http/Kernel.php(115): Illuminate\Foundation\Http\Kernel->renderException()
#7 /home/u988881440/domains/pdfsbooks.com/public_html/public/index.php(52): Illuminate\Foundation\Http\Kernel->handle()
#8 /home/u988881440/domains/pdfsbooks.com/public_html/server.php(21): require_once('/home/u98888144...')
#9 {main}
  thrown in /home/u988881440/domains/pdfsbooks.com/public_html/vendor/laravel/framework/src/Illuminate/Support/Facades/Facade.php on line 258
[26-Dec-2021 20:03:14 UTC] PHP Fatal error:  Uncaught RuntimeException: A facade root has not been set. in /home/u988881440/domains/pdfsbooks.com/public_html/vendor/laravel/framework/src/Illuminate/Support/Facades/Facade.php:258
Stack trace:
#0 /home/u988881440/domains/pdfsbooks.com/public_html/vendor/laravel/framework/src/Illuminate/Foundation/Exceptions/RegisterErrorViewPaths.php(18): Illuminate\Support\Facades\Facade::__callStatic()
#1 /home/u988881440/domains/pdfsbooks.com/public_html/vendor/laravel/framework/src/Illuminate/Foundation/Exceptions/Handler.php(598): Illuminate\Foundation\Exceptions\RegisterErrorViewPaths->__invoke()
#2 /home/u988881440/domains/pdfsbooks.com/public_html/vendor/laravel/framework/src/Illuminate/Foundation/Exceptions/Handler.php(579): Illuminate\Foundation\Exceptions\Handler->registerErrorViewPaths()
#3 /home/u988881440/domains/pdfsbooks.com/public_html/vendor/laravel/framework/src/Illuminate/Foundation/Exceptions/Handler.php(490): Illuminate\Foundation\Exceptions\Handler->renderHttpException()
#4 /home/u988881440/domains/pdfsbooks.com/public_html/vendor/laravel/framework/src/Illuminate/Foundation/Exceptions/Handler.php(356): Illuminate\Foundation\Exceptions\Handler->prepareResponse()
#5 /home/u988881440/domains/pdfsbooks.com/public_html/vendor/laravel/framework/src/Illuminate/Foundation/Http/Kernel.php(427): Illuminate\Foundation\Exceptions\Handler->render()
#6 /home/u988881440/domains/pdfsbooks.com/public_html/vendor/laravel/framework/src/Illuminate/Foundation/Http/Kernel.php(115): Illuminate\Foundation\Http\Kernel->renderException()
#7 /home/u988881440/domains/pdfsbooks.com/public_html/public/index.php(52): Illuminate\Foundation\Http\Kernel->handle()
#8 /home/u988881440/domains/pdfsbooks.com/public_html/server.php(21): require_once('/home/u98888144...')
#9 {main}
  thrown in /home/u988881440/domains/pdfsbooks.com/public_html/vendor/laravel/framework/src/Illuminate/Support/Facades/Facade.php on line 258
[26-Dec-2021 20:03:22 UTC] PHP Fatal error:  Uncaught RuntimeException: A facade root has not been set. in /home/u988881440/domains/pdfsbooks.com/public_html/vendor/laravel/framework/src/Illuminate/Support/Facades/Facade.php:258
Stack trace:
#0 /home/u988881440/domains/pdfsbooks.com/public_html/vendor/laravel/framework/src/Illuminate/Foundation/Exceptions/RegisterErrorViewPaths.php(18): Illuminate\Support\Facades\Facade::__callStatic()
#1 /home/u988881440/domains/pdfsbooks.com/public_html/vendor/laravel/framework/src/Illuminate/Foundation/Exceptions/Handler.php(598): Illuminate\Foundation\Exceptions\RegisterErrorViewPaths->__invoke()
#2 /home/u988881440/domains/pdfsbooks.com/public_html/vendor/laravel/framework/src/Illuminate/Foundation/Exceptions/Handler.php(579): Illuminate\Foundation\Exceptions\Handler->registerErrorViewPaths()
#3 /home/u988881440/domains/pdfsbooks.com/public_html/vendor/laravel/framework/src/Illuminate/Foundation/Exceptions/Handler.php(490): Illuminate\Foundation\Exceptions\Handler->renderHttpException()
#4 /home/u988881440/domains/pdfsbooks.com/public_html/vendor/laravel/framework/src/Illuminate/Foundation/Exceptions/Handler.php(356): Illuminate\Foundation\Exceptions\Handler->prepareResponse()
#5 /home/u988881440/domains/pdfsbooks.com/public_html/vendor/laravel/framework/src/Illuminate/Foundation/Http/Kernel.php(427): Illuminate\Foundation\Exceptions\Handler->render()
#6 /home/u988881440/domains/pdfsbooks.com/public_html/vendor/laravel/framework/src/Illuminate/Foundation/Http/Kernel.php(115): Illuminate\Foundation\Http\Kernel->renderException()
#7 /home/u988881440/domains/pdfsbooks.com/public_html/public/index.php(52): Illuminate\Foundation\Http\Kernel->handle()
#8 /home/u988881440/domains/pdfsbooks.com/public_html/server.php(21): require_once('/home/u98888144...')
#9 {main}
  thrown in /home/u988881440/domains/pdfsbooks.com/public_html/vendor/laravel/framework/src/Illuminate/Support/Facades/Facade.php on line 258
[26-Dec-2021 20:03:32 UTC] PHP Fatal error:  Uncaught RuntimeException: A facade root has not been set. in /home/u988881440/domains/pdfsbooks.com/public_html/vendor/laravel/framework/src/Illuminate/Support/Facades/Facade.php:258
Stack trace:
#0 /home/u988881440/domains/pdfsbooks.com/public_html/vendor/laravel/framework/src/Illuminate/Foundation/Exceptions/RegisterErrorViewPaths.php(18): Illuminate\Support\Facades\Facade::__callStatic()
#1 /home/u988881440/domains/pdfsbooks.com/public_html/vendor/laravel/framework/src/Illuminate/Foundation/Exceptions/Handler.php(598): Illuminate\Foundation\Exceptions\RegisterErrorViewPaths->__invoke()
#2 /home/u988881440/domains/pdfsbooks.com/public_html/vendor/laravel/framework/src/Illuminate/Foundation/Exceptions/Handler.php(579): Illuminate\Foundation\Exceptions\Handler->registerErrorViewPaths()
#3 /home/u988881440/domains/pdfsbooks.com/public_html/vendor/laravel/framework/src/Illuminate/Foundation/Exceptions/Handler.php(490): Illuminate\Foundation\Exceptions\Handler->renderHttpException()
#4 /home/u988881440/domains/pdfsbooks.com/public_html/vendor/laravel/framework/src/Illuminate/Foundation/Exceptions/Handler.php(356): Illuminate\Foundation\Exceptions\Handler->prepareResponse()
#5 /home/u988881440/domains/pdfsbooks.com/public_html/vendor/laravel/framework/src/Illuminate/Foundation/Http/Kernel.php(427): Illuminate\Foundation\Exceptions\Handler->render()
#6 /home/u988881440/domains/pdfsbooks.com/public_html/vendor/laravel/framework/src/Illuminate/Foundation/Http/Kernel.php(115): Illuminate\Foundation\Http\Kernel->renderException()
#7 /home/u988881440/domains/pdfsbooks.com/public_html/public/index.php(52): Illuminate\Foundation\Http\Kernel->handle()
#8 /home/u988881440/domains/pdfsbooks.com/public_html/server.php(21): require_once('/home/u98888144...')
#9 {main}
  thrown in /home/u988881440/domains/pdfsbooks.com/public_html/vendor/laravel/framework/src/Illuminate/Support/Facades/Facade.php on line 258
